<?xml version="1.0" encoding="UTF-8"?>
<!-- Generated by org.testng.reporters.JUnitXMLReporter -->
<testsuite hostname="DESKTOP-IC54V12" ignored="7" name="App1Test" tests="12" failures="2" timestamp="2022-03-15T22:43:53 CDT" time="281.012" errors="0">
  <testcase name="tickerProduct_validateTickerUrl" time="7.28" classname="com.qa.tests.FinologyHomeTest">
    <skipped/>
  </testcase> <!-- tickerProduct_validateTickerUrl -->
  <testcase name="tickerProduct_validateTickerUrl" time="6.15" classname="com.qa.tests.FinologyHomeTest">
    <failure type="java.lang.AssertionError" message="The following asserts failed:
	Finology url is not as expected:  expected [https://www.finology.in/] but found [https://www.finology.india/]">
      <![CDATA[java.lang.AssertionError: The following asserts failed:
Finology url is not as expected:  expected [https://www.finology.in/] but found [https://www.finology.india/]
at com.qa.tests.FinologyHomeTest.tickerProduct_validateTickerUrl(FinologyHomeTest.java:114)
at java.util.ArrayList.forEach(Unknown Source)
... Removed 30 stack frames]]>
    </failure>
  </testcase> <!-- tickerProduct_validateTickerUrl -->
  <testcase name="selectProduct_validateSelectUrl" time="7.889" classname="com.qa.tests.FinologyHomeTest">
    <skipped/>
  </testcase> <!-- selectProduct_validateSelectUrl -->
  <testcase name="selectProduct_validateSelectUrl" time="7.892" classname="com.qa.tests.FinologyHomeTest">
    <failure type="java.lang.AssertionError" message="The following asserts failed:
	Select url is not as expected:  expected [https://select.finology.in1/] but found [//https://select.finology.india/]">
      <![CDATA[java.lang.AssertionError: The following asserts failed:
Select url is not as expected:  expected [https://select.finology.in1/] but found [//https://select.finology.india/]
at com.qa.tests.FinologyHomeTest.selectProduct_validateSelectUrl(FinologyHomeTest.java:167)
at java.util.ArrayList.forEach(Unknown Source)
... Removed 30 stack frames]]>
    </failure>
  </testcase> <!-- selectProduct_validateSelectUrl -->
  <testcase name="finologyLoginByPhoneTest" time="15.536" classname="com.qa.tests.FinologyLoginTest"/>
  <testcase name="finologyLoginByEmail_EmailDuplicateTest" time="11.818" classname="com.qa.tests.FinologyLoginTest"/>
  <testcase name="finologyLoginByEmail_EmailDuplicateTest" time="13.76" classname="com.qa.tests.FinologyLoginTest"/>
  <testcase name="finologyLoginByEmail_EmailDuplicateTest" time="11.953" classname="com.qa.tests.FinologyLoginTest"/>
  <testcase name="finologyLoginByEmail_EmailTest" time="11.517" classname="com.qa.tests.FinologyLoginTest"/>
  <testcase name="finologyLoginByEmail_EmailTest" time="11.513" classname="com.qa.tests.FinologyLoginTest">
    <skipped/>
  </testcase> <!-- finologyLoginByEmail_EmailTest -->
  <testcase name="finologyLoginByEmail_EmailTest" time="14.106" classname="com.qa.tests.FinologyLoginTest"/>
  <testcase name="finologyLoginByEmail_EmailTest" time="12.171" classname="com.qa.tests.FinologyLoginTest"/>
  <testcase name="finologyLoginByEmail_InvalidPhone__EmailTest" time="0.0" classname="com.qa.tests.FinologyLoginTest">
    <ignored/>
  </testcase> <!-- finologyLoginByEmail_InvalidPhone__EmailTest -->
  <testcase name="finologyLoginByPhoneTest_InvalidPhoneNo" time="0.0" classname="com.qa.tests.FinologyLoginTest">
    <ignored/>
  </testcase> <!-- finologyLoginByPhoneTest_InvalidPhoneNo -->
  <testcase name="finologyLoginByEmail_InvalidEmail__EmailTest" time="0.0" classname="com.qa.tests.FinologyLoginTest">
    <ignored/>
  </testcase> <!-- finologyLoginByEmail_InvalidEmail__EmailTest -->
  <testcase name="recipeProduct_validateQuestUrl" time="0.0" classname="com.qa.tests.FinologyHomeTest">
    <ignored/>
  </testcase> <!-- recipeProduct_validateQuestUrl -->
  <testcase name="finologyLoginByEmail_PhoneTest" time="0.0" classname="com.qa.tests.FinologyLoginTest">
    <ignored/>
  </testcase> <!-- finologyLoginByEmail_PhoneTest -->
  <testcase name="questProduct_validateQuestUrl" time="0.0" classname="com.qa.tests.FinologyHomeTest">
    <ignored/>
  </testcase> <!-- questProduct_validateQuestUrl -->
  <testcase name="finologyLoginByPhoneTest_InvalidPassword" time="0.0" classname="com.qa.tests.FinologyLoginTest">
    <ignored/>
  </testcase> <!-- finologyLoginByPhoneTest_InvalidPassword -->
</testsuite> <!-- App1Test -->
